Using pre-set license
Built from '2020.3/staging' branch; Version is '2020.3.20f1 (41c4e627c95f) revision 4310246'; Using compiler version '192528614'; Build Type 'Release'
OS: 'Windows 10 Home; OS build 19043.1645; Version 2009; 64bit' Language: 'en' Physical Memory: 7778 MB
BatchMode: 1, IsHumanControllingUs: 0, StartBugReporterOnCrash: 0, Is64bit: 1, IsPro: 0

COMMAND LINE ARGUMENTS:
C:\Program Files\Unity\Hub\Editor\2020.3.20f1\Editor\Unity.exe
-adb2
-batchMode
-noUpm
-name
AssetImportWorker1
-projectPath
C:/Users/younk/Documents/2022.LectureBoardGame
-logFile
Logs/AssetImportWorker1.log
-srvPort
62415
Successfully changed project path to: C:/Users/younk/Documents/2022.LectureBoardGame
C:/Users/younk/Documents/2022.LectureBoardGame
Using Asset Import Pipeline V2.
Refreshing native plugins compatible for Editor in 347.49 ms, found 9 plugins.
Preloading 1 native plugins for Editor in 4.49 ms.
Initialize engine version: 2020.3.20f1 (41c4e627c95f)
[Subsystems] Discovering subsystems at path C:/Program Files/Unity/Hub/Editor/2020.3.20f1/Editor/Data/Resources/UnitySubsystems
[Subsystems] Discovering subsystems at path C:/Users/younk/Documents/2022.LectureBoardGame/Assets
GfxDevice: creating device client; threaded=0
Direct3D:
    Version:  Direct3D 11.0 [level 11.1]
    Renderer: Intel(R) Iris(R) Plus Graphics (ID=0x8a5a)
    Vendor:   
    VRAM:     3889 MB
    Driver:   27.20.100.9621
Initialize mono
Mono path[0] = 'C:/Program Files/Unity/Hub/Editor/2020.3.20f1/Editor/Data/Managed'
Mono path[1] = 'C:/Program Files/Unity/Hub/Editor/2020.3.20f1/Editor/Data/MonoBleedingEdge/lib/mono/unityjit'
Mono config path = 'C:/Program Files/Unity/Hub/Editor/2020.3.20f1/Editor/Data/MonoBleedingEdge/etc'
Using monoOptions --debugger-agent=transport=dt_socket,embedding=1,server=y,suspend=n,address=127.0.0.1:56344
Begin MonoManager ReloadAssembly
Registering precompiled unity dll's ...
Register platform support module: C:/Program Files/Unity/Hub/Editor/2020.3.20f1/Editor/Data/PlaybackEngines/WindowsStandaloneSupport/UnityEditor.WindowsStandalone.Extensions.dll
Registered in 0.008698 seconds.
Native extension for WindowsStandalone target not found
Refreshing native plugins compatible for Editor in 356.77 ms, found 9 plugins.
Preloading 1 native plugins for Editor in 0.36 ms.
Mono: successfully reloaded assembly
- Completed reload, in  4.355 seconds
Domain Reload Profiling:
	ReloadAssembly (4356ms)
		BeginReloadAssembly (204ms)
			ExecutionOrderSort (0ms)
			DisableScriptedObjects (0ms)
			BackupInstance (0ms)
			ReleaseScriptingObjects (0ms)
			CreateAndSetChildDomain (3ms)
		EndReloadAssembly (1767ms)
			LoadAssemblies (195ms)
			RebuildTransferFunctionScriptingTraits (0ms)
			SetupTypeCache (494ms)
			ReleaseScriptCaches (0ms)
			RebuildScriptCaches (115ms)
			SetupLoadedEditorAssemblies (864ms)
				LogAssemblyErrors (0ms)
				InitializePlatformSupportModulesInManaged (14ms)
				SetLoadedEditorAssemblies (1ms)
				RefreshPlugins (358ms)
				BeforeProcessingInitializeOnLoad (71ms)
				ProcessInitializeOnLoadAttributes (315ms)
				ProcessInitializeOnLoadMethodAttributes (106ms)
				AfterProcessingInitializeOnLoad (0ms)
				EditorAssembliesLoaded (1ms)
			ExecutionOrderSort2 (0ms)
			AwakeInstancesAfterBackupRestoration (0ms)
Platform modules already initialized, skipping
Registering precompiled user dll's ...
Registered in 0.069342 seconds.
Begin MonoManager ReloadAssembly
OnLevelWasLoaded was found on ASL_AutonomousObjectHandler
This message has been deprecated and will be removed in a later version of Unity.
Add a delegate to SceneManager.sceneLoaded instead to get notifications after scene loading has completed
Native extension for WindowsStandalone target not found
Refreshing native plugins compatible for Editor in 308.20 ms, found 9 plugins.
Preloading 1 native plugins for Editor in 0.35 ms.
Mono: successfully reloaded assembly
- Completed reload, in 11.544 seconds
Domain Reload Profiling:
	ReloadAssembly (11549ms)
		BeginReloadAssembly (564ms)
			ExecutionOrderSort (0ms)
			DisableScriptedObjects (18ms)
			BackupInstance (0ms)
			ReleaseScriptingObjects (0ms)
			CreateAndSetChildDomain (57ms)
		EndReloadAssembly (10743ms)
			LoadAssemblies (442ms)
			RebuildTransferFunctionScriptingTraits (0ms)
			SetupTypeCache (1478ms)
			ReleaseScriptCaches (2ms)
			RebuildScriptCaches (285ms)
			SetupLoadedEditorAssemblies (7732ms)
				LogAssemblyErrors (0ms)
				InitializePlatformSupportModulesInManaged (17ms)
				SetLoadedEditorAssemblies (1ms)
				RefreshPlugins (309ms)
				BeforeProcessingInitializeOnLoad (456ms)
				ProcessInitializeOnLoadAttributes (3324ms)
				ProcessInitializeOnLoadMethodAttributes (3595ms)
				AfterProcessingInitializeOnLoad (29ms)
				EditorAssembliesLoaded (1ms)
			ExecutionOrderSort2 (0ms)
			AwakeInstancesAfterBackupRestoration (21ms)
Platform modules already initialized, skipping
========================================================================
Worker process is ready to serve import requests
Launched and connected shader compiler UnityShaderCompiler.exe after 0.23 seconds
Refreshing native plugins compatible for Editor in 3.52 ms, found 9 plugins.
Preloading 1 native plugins for Editor in 0.42 ms.
Unloading 4372 Unused Serialized files (Serialized files now loaded: 0)
System memory in use before: 213.6 MB.
System memory in use after: 212.2 MB.

Unloading 2483 unused Assets to reduce memory usage. Loaded Objects now: 4456.
Total: 28.386700 ms (FindLiveObjects: 2.013200 ms CreateObjectMapping: 1.357600 ms MarkObjects: 10.941100 ms  DeleteObjects: 14.070600 ms)

AssetImportParameters requested are different than current active one (requested -> active):
  custom:framework-win-MediaFoundation: 216162199b28c13a410421893ffa2e32 -> 
  custom:video-decoder-ogg-theora: a1e56fd34408186e4bbccfd4996cb3dc -> 
  custom:container-muxer-webm: aa71ff27fc2769a1b78a27578f13a17b -> 
  custom:container-demuxer-webm: 4f35f7cbe854078d1ac9338744f61a02 -> 
  custom:container-demuxer-ogg: 62fdf1f143b41e24485cea50d1cbac27 -> 
  custom:video-encoder-webm-vp8: eb34c28f22e8b96e1ab97ce403110664 -> 
  custom:video-codec-MediaFoundation-h265: 746d11721c4dcdbdad8f713fa42b33f4 -> 
  custom:video-decoder-webm-vp8: 9c59270c3fd7afecdb556c50c9e8de78 -> 
  custom:audio-decoder-ogg-vorbis: bf7c407c2cedff20999df2af8eb42d56 -> 
  custom:audio-encoder-webm-vorbis: bf7c407c2cedff20999df2af8eb42d56 -> 
========================================================================
Received Import Request.
  path: Assets/Resources/MyPrefabs/AutonomousCube.prefab
  artifactKey: Guid(839fbbbfa97ba3c42b90329836065a77) Importer(815301076,1909f56bfc062723c751e8b465ee728b)
Start importing Assets/Resources/MyPrefabs/AutonomousCube.prefab using Guid(839fbbbfa97ba3c42b90329836065a77) Importer(815301076,1909f56bfc062723c751e8b465ee728b)  -> (artifact id: 'e4180fbdc773e55d628c6d84d22e1aba') in 0.388466 seconds 
  Import took 0.415401 seconds .

========================================================================
Received Import Request.
  Time since last request: 0.001114 seconds.
  path: Assets/Resources/MyPrefabs/Sample_AutonomousObject.prefab
  artifactKey: Guid(aa22f8c1451cd4e47bc191cc37e0c49f) Importer(815301076,1909f56bfc062723c751e8b465ee728b)
Start importing Assets/Resources/MyPrefabs/Sample_AutonomousObject.prefab using Guid(aa22f8c1451cd4e47bc191cc37e0c49f) Importer(815301076,1909f56bfc062723c751e8b465ee728b)  -> (artifact id: 'ee3189e12db6d06cf4e6498ccf27b542') in 0.073790 seconds 
  Import took 0.098330 seconds .

========================================================================
Received Import Request.
  Time since last request: 0.000510 seconds.
  path: Assets/Resources/MyPrefabs/Player0Piece.prefab
  artifactKey: Guid(d9bb80b143fcb9f47a206d2142cca9d0) Importer(815301076,1909f56bfc062723c751e8b465ee728b)
Start importing Assets/Resources/MyPrefabs/Player0Piece.prefab using Guid(d9bb80b143fcb9f47a206d2142cca9d0) Importer(815301076,1909f56bfc062723c751e8b465ee728b)  -> (artifact id: '8227c75a3f78614581ab172d00603756') in 0.107595 seconds 
  Import took 0.130132 seconds .

========================================================================
Received Import Request.
  Time since last request: 0.000520 seconds.
  path: Assets/Resources/MyPrefabs/Player2Piece.prefab
  artifactKey: Guid(305b21f86767aa941a5d9afa480fc5a1) Importer(815301076,1909f56bfc062723c751e8b465ee728b)
Start importing Assets/Resources/MyPrefabs/Player2Piece.prefab using Guid(305b21f86767aa941a5d9afa480fc5a1) Importer(815301076,1909f56bfc062723c751e8b465ee728b)  -> (artifact id: '23ddf192ee9c810ba19465fb871c6d79') in 0.070700 seconds 
  Import took 0.096547 seconds .

========================================================================
Received Import Request.
  Time since last request: 0.000503 seconds.
  path: Assets/Resources/MyPrefabs/questionPanel.prefab
  artifactKey: Guid(c251a31b2f53989438013fc12ead476f) Importer(815301076,1909f56bfc062723c751e8b465ee728b)
Start importing Assets/Resources/MyPrefabs/questionPanel.prefab using Guid(c251a31b2f53989438013fc12ead476f) Importer(815301076,1909f56bfc062723c751e8b465ee728b)  -> (artifact id: 'b7ec1e9375b347ac3bf094786d728c94') in 0.079802 seconds 
  Import took 0.105132 seconds .

========================================================================
Received Import Request.
  Time since last request: 0.000549 seconds.
  path: Assets/Resources/MyPrefabs/StarPanel.prefab
  artifactKey: Guid(182f2239f6a7a6a48b7b8624baf00a3c) Importer(815301076,1909f56bfc062723c751e8b465ee728b)
Start importing Assets/Resources/MyPrefabs/StarPanel.prefab using Guid(182f2239f6a7a6a48b7b8624baf00a3c) Importer(815301076,1909f56bfc062723c751e8b465ee728b)  -> (artifact id: '582958505a1384c18b95982ba44d61fd') in 0.064401 seconds 
  Import took 0.091783 seconds .

========================================================================
Received Import Request.
  Time since last request: 0.000650 seconds.
  path: Assets/Resources/MyPrefabs/Player4Piece.prefab
  artifactKey: Guid(eeaa89ffa2bee484893f73461c0a3c9e) Importer(815301076,1909f56bfc062723c751e8b465ee728b)
Start importing Assets/Resources/MyPrefabs/Player4Piece.prefab using Guid(eeaa89ffa2bee484893f73461c0a3c9e) Importer(815301076,1909f56bfc062723c751e8b465ee728b)  -> (artifact id: 'fc0cdfe7735379a62c0017d5301eccc8') in 0.071085 seconds 
  Import took 0.095567 seconds .

========================================================================
Received Import Request.
  Time since last request: 0.000671 seconds.
  path: Assets/Resources/MyPrefabs/Cylinder.prefab
  artifactKey: Guid(04ebc1ecb94230e4d8f0cefc2b370852) Importer(815301076,1909f56bfc062723c751e8b465ee728b)
Start importing Assets/Resources/MyPrefabs/Cylinder.prefab using Guid(04ebc1ecb94230e4d8f0cefc2b370852) Importer(815301076,1909f56bfc062723c751e8b465ee728b)  -> (artifact id: '8251341e7fb583b13f4d1396ad4cf5f3') in 0.068000 seconds 
  Import took 0.091978 seconds .

========================================================================
Received Import Request.
  Time since last request: 0.000853 seconds.
  path: Assets/Resources/MyPrefabs/Player3Piece.prefab
  artifactKey: Guid(486a4237cb771694d8957b8bef37ee41) Importer(815301076,1909f56bfc062723c751e8b465ee728b)
Start importing Assets/Resources/MyPrefabs/Player3Piece.prefab using Guid(486a4237cb771694d8957b8bef37ee41) Importer(815301076,1909f56bfc062723c751e8b465ee728b)  -> (artifact id: '8e324efb8c9d5ba7dab64568290244bd') in 0.073188 seconds 
  Import took 0.097154 seconds .

========================================================================
Received Import Request.
  Time since last request: 0.000538 seconds.
  path: Assets/Resources/MyPrefabs/DemoCube.prefab
  artifactKey: Guid(8b183ecf7fe048144a46fcd1bcfb4333) Importer(815301076,1909f56bfc062723c751e8b465ee728b)
Start importing Assets/Resources/MyPrefabs/DemoCube.prefab using Guid(8b183ecf7fe048144a46fcd1bcfb4333) Importer(815301076,1909f56bfc062723c751e8b465ee728b)  -> (artifact id: 'caff5be11134d777af80203551404c26') in 0.038514 seconds 
  Import took 0.065209 seconds .

========================================================================
Received Import Request.
  Time since last request: 0.000482 seconds.
  path: Assets/Resources/MyPrefabs/dropPanel.prefab
  artifactKey: Guid(ab2647fad4cef0c4db84930a6971d8bc) Importer(815301076,1909f56bfc062723c751e8b465ee728b)
Start importing Assets/Resources/MyPrefabs/dropPanel.prefab using Guid(ab2647fad4cef0c4db84930a6971d8bc) Importer(815301076,1909f56bfc062723c751e8b465ee728b)  -> (artifact id: '1d91a20aa4851aca791c16d64433564f') in 0.076615 seconds 
  Import took 0.097845 seconds .

========================================================================
Received Import Request.
  Time since last request: 0.000437 seconds.
  path: Assets/Resources/MyPrefabs/fightPanel.prefab
  artifactKey: Guid(2c25d44f0a429b34386bf6eb9d56566b) Importer(815301076,1909f56bfc062723c751e8b465ee728b)
Start importing Assets/Resources/MyPrefabs/fightPanel.prefab using Guid(2c25d44f0a429b34386bf6eb9d56566b) Importer(815301076,1909f56bfc062723c751e8b465ee728b)  -> (artifact id: '8a9c8b2faa4480d5b9baae2de9a01913') in 0.070667 seconds 
  Import took 0.096905 seconds .

========================================================================
Received Import Request.
  Time since last request: 0.000614 seconds.
  path: Assets/Resources/MyPrefabs/GameBoard.prefab
  artifactKey: Guid(f9f7d837005f72c4882f1a36bfbcc3f3) Importer(815301076,1909f56bfc062723c751e8b465ee728b)
Start importing Assets/Resources/MyPrefabs/GameBoard.prefab using Guid(f9f7d837005f72c4882f1a36bfbcc3f3) Importer(815301076,1909f56bfc062723c751e8b465ee728b)  -> (artifact id: '0242452f452f2d4d6477f956624fcc12') in 0.069175 seconds 
  Import took 0.092988 seconds .

========================================================================
Received Import Request.
  Time since last request: 0.000540 seconds.
  path: Assets/Resources/MyPrefabs/Player1Piece.prefab
  artifactKey: Guid(45e7cab07001e6a449ceb159021101f2) Importer(815301076,1909f56bfc062723c751e8b465ee728b)
Start importing Assets/Resources/MyPrefabs/Player1Piece.prefab using Guid(45e7cab07001e6a449ceb159021101f2) Importer(815301076,1909f56bfc062723c751e8b465ee728b)  -> (artifact id: '4751c63ddccbb9a97964d1037d20909e') in 0.070054 seconds 
  Import took 0.092563 seconds .

========================================================================
Received Import Request.
  Time since last request: 33.861289 seconds.
  path: Assets/GameScene/Materials
  artifactKey: Guid(b7e707ffb88f7fa4fbd8420d17d6990e) Importer(815301076,1909f56bfc062723c751e8b465ee728b)
Start importing Assets/GameScene/Materials using Guid(b7e707ffb88f7fa4fbd8420d17d6990e) Importer(815301076,1909f56bfc062723c751e8b465ee728b)  -> (artifact id: '5e0cd90e3e0740a25410ddfb3370a9a8') in 0.020229 seconds 
  Import took 0.042216 seconds .

========================================================================
Received Import Request.
  Time since last request: 29.948102 seconds.
  path: Assets/GameScene/Materials/Player0Color.mat
  artifactKey: Guid(357b76635b9c60d4997b4319adb85d63) Importer(815301076,1909f56bfc062723c751e8b465ee728b)
Start importing Assets/GameScene/Materials/Player0Color.mat using Guid(357b76635b9c60d4997b4319adb85d63) Importer(815301076,1909f56bfc062723c751e8b465ee728b)  -> (artifact id: '404110603f7f8facb051711598165f52') in 0.160511 seconds 
  Import took 0.183090 seconds .

========================================================================
Received Import Request.
  Time since last request: 11.075955 seconds.
  path: Assets/GameScene/Materials/Player1Color.mat
  artifactKey: Guid(1be7a34bcc1687947a43067424b9d17e) Importer(815301076,1909f56bfc062723c751e8b465ee728b)
Start importing Assets/GameScene/Materials/Player1Color.mat using Guid(1be7a34bcc1687947a43067424b9d17e) Importer(815301076,1909f56bfc062723c751e8b465ee728b)  -> (artifact id: '58696af3d1950bd85fd2fe46b9743d58') in 0.048356 seconds 
  Import took 0.073039 seconds .

========================================================================
Received Import Request.
  Time since last request: 7.401906 seconds.
  path: Assets/GameScene/Materials/Player2Color.mat
  artifactKey: Guid(a965391358c6ac94982d5f64551e3d8d) Importer(815301076,1909f56bfc062723c751e8b465ee728b)
Start importing Assets/GameScene/Materials/Player2Color.mat using Guid(a965391358c6ac94982d5f64551e3d8d) Importer(815301076,1909f56bfc062723c751e8b465ee728b)  -> (artifact id: '050fa1dde3d6bf0eba65dae6d50cd5ca') in 0.053771 seconds 
  Import took 0.076966 seconds .

========================================================================
Received Import Request.
  Time since last request: 8.175892 seconds.
  path: Assets/GameScene/Materials/Player3Color.mat
  artifactKey: Guid(e4e03755c2af3bd4aa4b30fdca5f494c) Importer(815301076,1909f56bfc062723c751e8b465ee728b)
Start importing Assets/GameScene/Materials/Player3Color.mat using Guid(e4e03755c2af3bd4aa4b30fdca5f494c) Importer(815301076,1909f56bfc062723c751e8b465ee728b)  -> (artifact id: '8deaa166b73a0b23c7b90a7ad33fd7a0') in 0.045770 seconds 
  Import took 0.068100 seconds .

========================================================================
Received Import Request.
  Time since last request: 7.275900 seconds.
  path: Assets/GameScene/Materials/Player4Color.mat
  artifactKey: Guid(0de166b90a43f4e43823e98cae89d05f) Importer(815301076,1909f56bfc062723c751e8b465ee728b)
Start importing Assets/GameScene/Materials/Player4Color.mat using Guid(0de166b90a43f4e43823e98cae89d05f) Importer(815301076,1909f56bfc062723c751e8b465ee728b)  -> (artifact id: 'ffd77cd8d8e0372db464d7813ad26fe0') in 0.052383 seconds 
  Import took 0.074960 seconds .

========================================================================
Received Import Request.
  Time since last request: 71.679121 seconds.
  path: Assets/Resources/MyPrefabs/Player0Piece.prefab
  artifactKey: Guid(d9bb80b143fcb9f47a206d2142cca9d0) Importer(815301076,1909f56bfc062723c751e8b465ee728b)
Start importing Assets/Resources/MyPrefabs/Player0Piece.prefab using Guid(d9bb80b143fcb9f47a206d2142cca9d0) Importer(815301076,1909f56bfc062723c751e8b465ee728b)  -> (artifact id: '1d2ad1a58855112a2d74c1ee120bf9f7') in 0.077500 seconds 
  Import took 0.103698 seconds .

========================================================================
Received Import Request.
  Time since last request: 14.856334 seconds.
  path: Assets/Resources/MyPrefabs/Player0Piece.prefab
  artifactKey: Guid(d9bb80b143fcb9f47a206d2142cca9d0) Importer(815301076,1909f56bfc062723c751e8b465ee728b)
Start importing Assets/Resources/MyPrefabs/Player0Piece.prefab using Guid(d9bb80b143fcb9f47a206d2142cca9d0) Importer(815301076,1909f56bfc062723c751e8b465ee728b)  -> (artifact id: 'f77b1b8755a799c1642f04292e424cfa') in 0.053665 seconds 
  Import took 0.080575 seconds .

========================================================================
Received Import Request.
  Time since last request: 25.701063 seconds.
  path: Assets/Resources/MyPrefabs/Player1Piece.prefab
  artifactKey: Guid(45e7cab07001e6a449ceb159021101f2) Importer(815301076,1909f56bfc062723c751e8b465ee728b)
Start importing Assets/Resources/MyPrefabs/Player1Piece.prefab using Guid(45e7cab07001e6a449ceb159021101f2) Importer(815301076,1909f56bfc062723c751e8b465ee728b)  -> (artifact id: '29afe5c63f38a3ee972766026f7752f1') in 0.056550 seconds 
  Import took 0.082852 seconds .

========================================================================
Received Import Request.
  Time since last request: 22.756736 seconds.
  path: Assets/Resources/MyPrefabs/Player0Piece.prefab
  artifactKey: Guid(d9bb80b143fcb9f47a206d2142cca9d0) Importer(815301076,1909f56bfc062723c751e8b465ee728b)
Start importing Assets/Resources/MyPrefabs/Player0Piece.prefab using Guid(d9bb80b143fcb9f47a206d2142cca9d0) Importer(815301076,1909f56bfc062723c751e8b465ee728b)  -> (artifact id: '105d3b8777cce7767c19c9a3a725d5b9') in 0.046541 seconds 
  Import took 0.070855 seconds .

========================================================================
Received Import Request.
  Time since last request: 26.157152 seconds.
  path: Assets/Resources/MyPrefabs/Player1Piece.prefab
  artifactKey: Guid(45e7cab07001e6a449ceb159021101f2) Importer(815301076,1909f56bfc062723c751e8b465ee728b)
Start importing Assets/Resources/MyPrefabs/Player1Piece.prefab using Guid(45e7cab07001e6a449ceb159021101f2) Importer(815301076,1909f56bfc062723c751e8b465ee728b)  -> (artifact id: '85cf3802a3b69abd7c995c8232d454a3') in 0.057211 seconds 
  Import took 0.087467 seconds .

========================================================================
Received Import Request.
  Time since last request: 33.101415 seconds.
  path: Assets/Resources/MyPrefabs/Player2Piece.prefab
  artifactKey: Guid(305b21f86767aa941a5d9afa480fc5a1) Importer(815301076,1909f56bfc062723c751e8b465ee728b)
Start importing Assets/Resources/MyPrefabs/Player2Piece.prefab using Guid(305b21f86767aa941a5d9afa480fc5a1) Importer(815301076,1909f56bfc062723c751e8b465ee728b)  -> (artifact id: 'b935dd8abd560341d55c8d8d5d3c5e0d') in 0.048128 seconds 
  Import took 0.078102 seconds .

========================================================================
Received Import Request.
  Time since last request: 26.714110 seconds.
  path: Assets/Resources/MyPrefabs/Player3Piece.prefab
  artifactKey: Guid(486a4237cb771694d8957b8bef37ee41) Importer(815301076,1909f56bfc062723c751e8b465ee728b)
Start importing Assets/Resources/MyPrefabs/Player3Piece.prefab using Guid(486a4237cb771694d8957b8bef37ee41) Importer(815301076,1909f56bfc062723c751e8b465ee728b)  -> (artifact id: '1ebb961325d1cf62709b06f13f11ee59') in 0.056256 seconds 
  Import took 0.084181 seconds .

========================================================================
Received Import Request.
  Time since last request: 169.748257 seconds.
  path: Assets/GameScene/Materials/New Material 1.mat
  artifactKey: Guid(d2f2898c67dff4047be0e64dd43a62b4) Importer(815301076,1909f56bfc062723c751e8b465ee728b)
Start importing Assets/GameScene/Materials/New Material 1.mat using Guid(d2f2898c67dff4047be0e64dd43a62b4) Importer(815301076,1909f56bfc062723c751e8b465ee728b)  -> (artifact id: 'c9d410acd61fbfb36e20c8676e26f998') in 0.064789 seconds 
  Import took 0.090035 seconds .

========================================================================
Received Import Request.
  Time since last request: 0.000738 seconds.
  path: Assets/GameScene/Materials/Player2Color.mat
  artifactKey: Guid(a965391358c6ac94982d5f64551e3d8d) Importer(815301076,1909f56bfc062723c751e8b465ee728b)
Start importing Assets/GameScene/Materials/Player2Color.mat using Guid(a965391358c6ac94982d5f64551e3d8d) Importer(815301076,1909f56bfc062723c751e8b465ee728b)  -> (artifact id: '8805c417c7b90ea73732ef39ffaf6c55') in 0.053957 seconds 
  Import took 0.079927 seconds .

========================================================================
Received Import Request.
  Time since last request: 0.000607 seconds.
  path: Assets/GameScene/Materials/Player3Color.mat
  artifactKey: Guid(e4e03755c2af3bd4aa4b30fdca5f494c) Importer(815301076,1909f56bfc062723c751e8b465ee728b)
Start importing Assets/GameScene/Materials/Player3Color.mat using Guid(e4e03755c2af3bd4aa4b30fdca5f494c) Importer(815301076,1909f56bfc062723c751e8b465ee728b)  -> (artifact id: 'c565f79d3a7186de180dd2d7853d95f8') in 0.042013 seconds 
  Import took 0.066684 seconds .

========================================================================
Received Import Request.
  Time since last request: 0.000942 seconds.
  path: Assets/GameScene/Materials/Player4Color.mat
  artifactKey: Guid(0de166b90a43f4e43823e98cae89d05f) Importer(815301076,1909f56bfc062723c751e8b465ee728b)
Start importing Assets/GameScene/Materials/Player4Color.mat using Guid(0de166b90a43f4e43823e98cae89d05f) Importer(815301076,1909f56bfc062723c751e8b465ee728b)  -> (artifact id: 'd7962c15c792b5e0c7b2ebfc80fb4684') in 0.041967 seconds 
  Import took 0.065196 seconds .

========================================================================
Received Import Request.
  Time since last request: 0.000824 seconds.
  path: Assets/GameScene/Materials/Player1Color.mat
  artifactKey: Guid(1be7a34bcc1687947a43067424b9d17e) Importer(815301076,1909f56bfc062723c751e8b465ee728b)
Start importing Assets/GameScene/Materials/Player1Color.mat using Guid(1be7a34bcc1687947a43067424b9d17e) Importer(815301076,1909f56bfc062723c751e8b465ee728b)  -> (artifact id: '1d0965700a0939b0bcca8469a1d69cbe') in 0.055796 seconds 
  Import took 0.086522 seconds .

========================================================================
Received Prepare
Registering precompiled user dll's ...
Registered in 0.048789 seconds.
Begin MonoManager ReloadAssembly
Native extension for WindowsStandalone target not found
Refreshing native plugins compatible for Editor in 4.87 ms, found 9 plugins.
Preloading 1 native plugins for Editor in 0.53 ms.
Error when attempting to update scene info fields. Scene info data may be stale.
UnityEngine.StackTraceUtility:ExtractStackTrace ()
UnityEngine.DebugLogHandler:LogFormat (UnityEngine.LogType,UnityEngine.Object,string,object[])
UnityEngine.Logger:Log (UnityEngine.LogType,object)
UnityEngine.Debug:LogWarning (object)
Microsoft.MixedReality.Toolkit.Editor.SceneInfoUtils:RefreshSceneInfoFieldsInScriptableObjects () (at Assets/ASL/MRTK/Core/Inspectors/PropertyDrawers/SceneInfoUtils.cs:313)
Microsoft.MixedReality.Toolkit.Editor.SceneInfoUtils:InitializeOnLoad () (at Assets/ASL/MRTK/Core/Inspectors/PropertyDrawers/SceneInfoUtils.cs:231)
System.Reflection.MonoMethod:Invoke (object,System.Reflection.BindingFlags,System.Reflection.Binder,object[],System.Globalization.CultureInfo)
System.Reflection.MethodBase:Invoke (object,object[])
UnityEditor.EditorAssemblies:ProcessInitializeOnLoadMethodAttributes ()

(Filename: Assets/ASL/MRTK/Core/Inspectors/PropertyDrawers/SceneInfoUtils.cs Line: 313)

Mono: successfully reloaded assembly
- Completed reload, in  8.347 seconds
Domain Reload Profiling:
	ReloadAssembly (8349ms)
		BeginReloadAssembly (465ms)
			ExecutionOrderSort (0ms)
			DisableScriptedObjects (17ms)
			BackupInstance (0ms)
			ReleaseScriptingObjects (0ms)
			CreateAndSetChildDomain (170ms)
		EndReloadAssembly (7644ms)
			LoadAssemblies (427ms)
			RebuildTransferFunctionScriptingTraits (0ms)
			SetupTypeCache (1315ms)
			ReleaseScriptCaches (3ms)
			RebuildScriptCaches (149ms)
			SetupLoadedEditorAssemblies (5291ms)
				LogAssemblyErrors (0ms)
				InitializePlatformSupportModulesInManaged (16ms)
				SetLoadedEditorAssemblies (4ms)
				RefreshPlugins (6ms)
				BeforeProcessingInitializeOnLoad (442ms)
				ProcessInitializeOnLoadAttributes (2264ms)
				ProcessInitializeOnLoadMethodAttributes (2531ms)
				AfterProcessingInitializeOnLoad (28ms)
				EditorAssembliesLoaded (1ms)
			ExecutionOrderSort2 (0ms)
			AwakeInstancesAfterBackupRestoration (35ms)
Platform modules already initialized, skipping
OnLevelWasLoaded was found on ASL_AutonomousObjectHandler
This message has been deprecated and will be removed in a later version of Unity.
Add a delegate to SceneManager.sceneLoaded instead to get notifications after scene loading has completed
Refreshing native plugins compatible for Editor in 3.22 ms, found 9 plugins.
Preloading 1 native plugins for Editor in 0.33 ms.
Unloading 4243 Unused Serialized files (Serialized files now loaded: 0)
System memory in use before: 207.1 MB.
System memory in use after: 204.8 MB.

Unloading 2350 unused Assets to reduce memory usage. Loaded Objects now: 4499.
Total: 30.635300 ms (FindLiveObjects: 1.047200 ms CreateObjectMapping: 0.752600 ms MarkObjects: 12.325500 ms  DeleteObjects: 16.505400 ms)

AssetImportParameters requested are different than current active one (requested -> active):
  custom:framework-win-MediaFoundation: 216162199b28c13a410421893ffa2e32 -> 
  custom:video-decoder-ogg-theora: a1e56fd34408186e4bbccfd4996cb3dc -> 
  custom:container-muxer-webm: aa71ff27fc2769a1b78a27578f13a17b -> 
  custom:container-demuxer-webm: 4f35f7cbe854078d1ac9338744f61a02 -> 
  custom:container-demuxer-ogg: 62fdf1f143b41e24485cea50d1cbac27 -> 
  custom:video-encoder-webm-vp8: eb34c28f22e8b96e1ab97ce403110664 -> 
  custom:video-codec-MediaFoundation-h265: 746d11721c4dcdbdad8f713fa42b33f4 -> 
  custom:video-decoder-webm-vp8: 9c59270c3fd7afecdb556c50c9e8de78 -> 
  custom:audio-decoder-ogg-vorbis: bf7c407c2cedff20999df2af8eb42d56 -> 
  custom:audio-encoder-webm-vorbis: bf7c407c2cedff20999df2af8eb42d56 -> 
========================================================================
Received Prepare
Refreshing native plugins compatible for Editor in 29.66 ms, found 9 plugins.
Preloading 1 native plugins for Editor in 0.31 ms.
Unloading 36 Unused Serialized files (Serialized files now loaded: 0)
System memory in use before: 113.6 MB.
System memory in use after: 113.8 MB.

Unloading 36 unused Assets to reduce memory usage. Loaded Objects now: 4499.
Total: 11.743500 ms (FindLiveObjects: 0.845200 ms CreateObjectMapping: 0.425200 ms MarkObjects: 10.235300 ms  DeleteObjects: 0.233700 ms)

AssetImportParameters requested are different than current active one (requested -> active):
  custom:framework-win-MediaFoundation: 216162199b28c13a410421893ffa2e32 -> 
  custom:video-decoder-ogg-theora: a1e56fd34408186e4bbccfd4996cb3dc -> 
  custom:container-muxer-webm: aa71ff27fc2769a1b78a27578f13a17b -> 
  custom:container-demuxer-webm: 4f35f7cbe854078d1ac9338744f61a02 -> 
  custom:container-demuxer-ogg: 62fdf1f143b41e24485cea50d1cbac27 -> 
  custom:video-encoder-webm-vp8: eb34c28f22e8b96e1ab97ce403110664 -> 
  custom:video-codec-MediaFoundation-h265: 746d11721c4dcdbdad8f713fa42b33f4 -> 
  custom:video-decoder-webm-vp8: 9c59270c3fd7afecdb556c50c9e8de78 -> 
  custom:audio-decoder-ogg-vorbis: bf7c407c2cedff20999df2af8eb42d56 -> 
  custom:audio-encoder-webm-vorbis: bf7c407c2cedff20999df2af8eb42d56 -> 
AssetImportWorkerClient::OnTransportError - code=2 error=End of file
