Using pre-set license
Built from '2020.3/staging' branch; Version is '2020.3.22f1 (e1a7f79fd887) revision 14788599'; Using compiler version '192528614'; Build Type 'Release'
OS: 'Windows 10 Home; OS build 19043.1706; Version 2009; 64bit' Language: 'en' Physical Memory: 7778 MB
BatchMode: 1, IsHumanControllingUs: 0, StartBugReporterOnCrash: 0, Is64bit: 1, IsPro: 0

COMMAND LINE ARGUMENTS:
C:\Program Files\Unity\Hub\Editor\2020.3.22f1\Editor\Unity.exe
-adb2
-batchMode
-noUpm
-name
AssetImportWorker1
-projectPath
C:/Users/younk/Documents/2022.LectureBoardGame
-logFile
Logs/AssetImportWorker1.log
-srvPort
60246
Successfully changed project path to: C:/Users/younk/Documents/2022.LectureBoardGame
C:/Users/younk/Documents/2022.LectureBoardGame
Using Asset Import Pipeline V2.
Refreshing native plugins compatible for Editor in 344.18 ms, found 9 plugins.
Preloading 1 native plugins for Editor in 4.12 ms.
Initialize engine version: 2020.3.22f1 (e1a7f79fd887)
[Subsystems] Discovering subsystems at path C:/Program Files/Unity/Hub/Editor/2020.3.22f1/Editor/Data/Resources/UnitySubsystems
[Subsystems] Discovering subsystems at path C:/Users/younk/Documents/2022.LectureBoardGame/Assets
GfxDevice: creating device client; threaded=0
Direct3D:
    Version:  Direct3D 11.0 [level 11.1]
    Renderer: Intel(R) Iris(R) Plus Graphics (ID=0x8a5a)
    Vendor:   
    VRAM:     3889 MB
    Driver:   27.20.100.9621
Initialize mono
Mono path[0] = 'C:/Program Files/Unity/Hub/Editor/2020.3.22f1/Editor/Data/Managed'
Mono path[1] = 'C:/Program Files/Unity/Hub/Editor/2020.3.22f1/Editor/Data/MonoBleedingEdge/lib/mono/unityjit'
Mono config path = 'C:/Program Files/Unity/Hub/Editor/2020.3.22f1/Editor/Data/MonoBleedingEdge/etc'
Using monoOptions --debugger-agent=transport=dt_socket,embedding=1,server=y,suspend=n,address=127.0.0.1:56480
Begin MonoManager ReloadAssembly
Registering precompiled unity dll's ...
Register platform support module: C:/Program Files/Unity/Hub/Editor/2020.3.22f1/Editor/Data/PlaybackEngines/WindowsStandaloneSupport/UnityEditor.WindowsStandalone.Extensions.dll
Registered in 0.006828 seconds.
Native extension for WindowsStandalone target not found
Refreshing native plugins compatible for Editor in 323.54 ms, found 9 plugins.
Preloading 1 native plugins for Editor in 0.54 ms.
Mono: successfully reloaded assembly
- Completed reload, in  3.916 seconds
Domain Reload Profiling:
	ReloadAssembly (3917ms)
		BeginReloadAssembly (196ms)
			ExecutionOrderSort (0ms)
			DisableScriptedObjects (0ms)
			BackupInstance (0ms)
			ReleaseScriptingObjects (0ms)
			CreateAndSetChildDomain (3ms)
		EndReloadAssembly (1846ms)
			LoadAssemblies (188ms)
			RebuildTransferFunctionScriptingTraits (0ms)
			SetupTypeCache (507ms)
			ReleaseScriptCaches (0ms)
			RebuildScriptCaches (117ms)
			SetupLoadedEditorAssemblies (813ms)
				LogAssemblyErrors (0ms)
				InitializePlatformSupportModulesInManaged (15ms)
				SetLoadedEditorAssemblies (1ms)
				RefreshPlugins (324ms)
				BeforeProcessingInitializeOnLoad (54ms)
				ProcessInitializeOnLoadAttributes (316ms)
				ProcessInitializeOnLoadMethodAttributes (101ms)
				AfterProcessingInitializeOnLoad (0ms)
				EditorAssembliesLoaded (1ms)
			ExecutionOrderSort2 (0ms)
			AwakeInstancesAfterBackupRestoration (0ms)
Platform modules already initialized, skipping
Registering precompiled user dll's ...
Registered in 0.054345 seconds.
Begin MonoManager ReloadAssembly
OnLevelWasLoaded was found on ASL_AutonomousObjectHandler
This message has been deprecated and will be removed in a later version of Unity.
Add a delegate to SceneManager.sceneLoaded instead to get notifications after scene loading has completed
Native extension for WindowsStandalone target not found
Refreshing native plugins compatible for Editor in 315.05 ms, found 9 plugins.
Preloading 1 native plugins for Editor in 0.34 ms.
Mono: successfully reloaded assembly
- Completed reload, in 10.238 seconds
Domain Reload Profiling:
	ReloadAssembly (10243ms)
		BeginReloadAssembly (495ms)
			ExecutionOrderSort (0ms)
			DisableScriptedObjects (17ms)
			BackupInstance (0ms)
			ReleaseScriptingObjects (0ms)
			CreateAndSetChildDomain (55ms)
		EndReloadAssembly (9505ms)
			LoadAssemblies (414ms)
			RebuildTransferFunctionScriptingTraits (0ms)
			SetupTypeCache (1337ms)
			ReleaseScriptCaches (2ms)
			RebuildScriptCaches (279ms)
			SetupLoadedEditorAssemblies (6750ms)
				LogAssemblyErrors (0ms)
				InitializePlatformSupportModulesInManaged (12ms)
				SetLoadedEditorAssemblies (1ms)
				RefreshPlugins (316ms)
				BeforeProcessingInitializeOnLoad (447ms)
				ProcessInitializeOnLoadAttributes (2797ms)
				ProcessInitializeOnLoadMethodAttributes (3150ms)
				AfterProcessingInitializeOnLoad (25ms)
				EditorAssembliesLoaded (1ms)
			ExecutionOrderSort2 (0ms)
			AwakeInstancesAfterBackupRestoration (22ms)
Platform modules already initialized, skipping
========================================================================
Worker process is ready to serve import requests
Launched and connected shader compiler UnityShaderCompiler.exe after 0.23 seconds
Refreshing native plugins compatible for Editor in 2.98 ms, found 9 plugins.
Preloading 1 native plugins for Editor in 0.31 ms.
Unloading 4435 Unused Serialized files (Serialized files now loaded: 0)
System memory in use before: 222.5 MB.
System memory in use after: 221.1 MB.

Unloading 2504 unused Assets to reduce memory usage. Loaded Objects now: 4505.
Total: 31.736300 ms (FindLiveObjects: 1.129000 ms CreateObjectMapping: 0.651300 ms MarkObjects: 12.044100 ms  DeleteObjects: 17.907900 ms)

AssetImportParameters requested are different than current active one (requested -> active):
  custom:framework-win-MediaFoundation: 216162199b28c13a410421893ffa2e32 -> 
  custom:video-decoder-ogg-theora: a1e56fd34408186e4bbccfd4996cb3dc -> 
  custom:container-muxer-webm: aa71ff27fc2769a1b78a27578f13a17b -> 
  custom:container-demuxer-webm: 4f35f7cbe854078d1ac9338744f61a02 -> 
  custom:container-demuxer-ogg: 62fdf1f143b41e24485cea50d1cbac27 -> 
  custom:video-encoder-webm-vp8: eb34c28f22e8b96e1ab97ce403110664 -> 
  custom:video-codec-MediaFoundation-h265: 746d11721c4dcdbdad8f713fa42b33f4 -> 
  custom:video-decoder-webm-vp8: 9c59270c3fd7afecdb556c50c9e8de78 -> 
  custom:audio-decoder-ogg-vorbis: bf7c407c2cedff20999df2af8eb42d56 -> 
  custom:audio-encoder-webm-vorbis: bf7c407c2cedff20999df2af8eb42d56 -> 
========================================================================
Received Import Request.
  path: Assets/Resources/Sounds/loseStar(Marimba).wav
  artifactKey: Guid(a30a6c1670fec7c4184234242bb947a5) Importer(815301076,1909f56bfc062723c751e8b465ee728b)
Start importing Assets/Resources/Sounds/loseStar(Marimba).wav using Guid(a30a6c1670fec7c4184234242bb947a5) Importer(815301076,1909f56bfc062723c751e8b465ee728b)  -> (artifact id: 'ca51ead2c547274ac1e6448912cb3b49') in 0.458069 seconds 
  Import took 0.481605 seconds .

========================================================================
Received Import Request.
  Time since last request: 0.000892 seconds.
  path: Assets/Resources/Sounds/basoon_dsboOaex.mp3
  artifactKey: Guid(4c8373dbe736c3447991a43950ff7d4b) Importer(815301076,1909f56bfc062723c751e8b465ee728b)
Start importing Assets/Resources/Sounds/basoon_dsboOaex.mp3 using Guid(4c8373dbe736c3447991a43950ff7d4b) Importer(815301076,1909f56bfc062723c751e8b465ee728b)  -> (artifact id: '61b2af5deec0c0bc5fa16cd1c781d4e4') in 0.073789 seconds 
  Import took 0.099189 seconds .

========================================================================
Received Import Request.
  Time since last request: 0.000761 seconds.
  path: Assets/Resources/MyPrefabs/Button.prefab
  artifactKey: Guid(134203c35cda98844b7f64feb6b5e2f9) Importer(815301076,1909f56bfc062723c751e8b465ee728b)
Start importing Assets/Resources/MyPrefabs/Button.prefab using Guid(134203c35cda98844b7f64feb6b5e2f9) Importer(815301076,1909f56bfc062723c751e8b465ee728b)  -> (artifact id: '1a360d2b90e6ce5cf083fd12787fd0d6') in 0.106547 seconds 
  Import took 0.127700 seconds .

========================================================================
Received Import Request.
  Time since last request: 0.001008 seconds.
  path: Assets/Resources/Sounds/erhu_9n1ob62E.mp3
  artifactKey: Guid(8cd4fce9988af1b40a77f62af4956d0e) Importer(815301076,1909f56bfc062723c751e8b465ee728b)
Start importing Assets/Resources/Sounds/erhu_9n1ob62E.mp3 using Guid(8cd4fce9988af1b40a77f62af4956d0e) Importer(815301076,1909f56bfc062723c751e8b465ee728b)  -> (artifact id: '6dd461f0b6dd332bd484ba02f9a0826a') in 0.067156 seconds 
  Import took 0.090781 seconds .

========================================================================
Received Import Request.
  Time since last request: 0.000611 seconds.
  path: Assets/Resources/Sounds/Notification(Marimba).wav
  artifactKey: Guid(667156f70e549fb41b6c342e530fb0fa) Importer(815301076,1909f56bfc062723c751e8b465ee728b)
Start importing Assets/Resources/Sounds/Notification(Marimba).wav using Guid(667156f70e549fb41b6c342e530fb0fa) Importer(815301076,1909f56bfc062723c751e8b465ee728b)  -> (artifact id: 'f8f2102f38bf738388dd80e38d9738c5') in 0.066080 seconds 
  Import took 0.085181 seconds .

========================================================================
Received Import Request.
  Time since last request: 0.000465 seconds.
  path: Assets/Resources/Sounds/getStar(Marimba).wav
  artifactKey: Guid(260384c43cbb3564ca04fbb1fe07ddef) Importer(815301076,1909f56bfc062723c751e8b465ee728b)
Start importing Assets/Resources/Sounds/getStar(Marimba).wav using Guid(260384c43cbb3564ca04fbb1fe07ddef) Importer(815301076,1909f56bfc062723c751e8b465ee728b)  -> (artifact id: '4e67309176eb9d57623f1f4167d99651') in 0.060314 seconds 
  Import took 0.079449 seconds .

========================================================================
Received Import Request.
  Time since last request: 0.000639 seconds.
  path: Assets/Resources/Sounds/getStar(wind).wav
  artifactKey: Guid(a080455d41d79ff40812a40ab2e439ee) Importer(815301076,1909f56bfc062723c751e8b465ee728b)
Start importing Assets/Resources/Sounds/getStar(wind).wav using Guid(a080455d41d79ff40812a40ab2e439ee) Importer(815301076,1909f56bfc062723c751e8b465ee728b)  -> (artifact id: '33c5675a07debdcaa4e90088ae35a2d9') in 0.064981 seconds 
  Import took 0.087770 seconds .

========================================================================
Received Import Request.
  Time since last request: 0.000668 seconds.
  path: Assets/Resources/Sounds/french-horn-clip_WTFwEIYL.mp3
  artifactKey: Guid(172a43759f5044348a0dbee460fb0e04) Importer(815301076,1909f56bfc062723c751e8b465ee728b)
Start importing Assets/Resources/Sounds/french-horn-clip_WTFwEIYL.mp3 using Guid(172a43759f5044348a0dbee460fb0e04) Importer(815301076,1909f56bfc062723c751e8b465ee728b)  -> (artifact id: '27541f059eab824b09351d2dfc6ae67f') in 0.069204 seconds 
  Import took 0.090759 seconds .

========================================================================
Received Import Request.
  Time since last request: 0.000704 seconds.
  path: Assets/Resources/Sounds/glockenspiel_blou9pb9.mp3
  artifactKey: Guid(024318e73f886d84b9b24a287edce13a) Importer(815301076,1909f56bfc062723c751e8b465ee728b)
Start importing Assets/Resources/Sounds/glockenspiel_blou9pb9.mp3 using Guid(024318e73f886d84b9b24a287edce13a) Importer(815301076,1909f56bfc062723c751e8b465ee728b)  -> (artifact id: 'c2d4393258e936cc7145ec9a616f0a5c') in 0.047821 seconds 
  Import took 0.073091 seconds .

========================================================================
Received Import Request.
  Time since last request: 0.000720 seconds.
  path: Assets/Resources/Sounds/guzheng_bowoOpgO.mp3
  artifactKey: Guid(03d5964394846ca419363be277603d19) Importer(815301076,1909f56bfc062723c751e8b465ee728b)
Start importing Assets/Resources/Sounds/guzheng_bowoOpgO.mp3 using Guid(03d5964394846ca419363be277603d19) Importer(815301076,1909f56bfc062723c751e8b465ee728b)  -> (artifact id: 'cb04a54bcdab560ebf35386b49eb3016') in 0.059993 seconds 
  Import took 0.080522 seconds .

========================================================================
Received Import Request.
  Time since last request: 0.000675 seconds.
  path: Assets/Resources/MyPrefabs/GroupWorld.prefab
  artifactKey: Guid(19006dada01ede74482403209762a06b) Importer(815301076,1909f56bfc062723c751e8b465ee728b)
Start importing Assets/Resources/MyPrefabs/GroupWorld.prefab using Guid(19006dada01ede74482403209762a06b) Importer(815301076,1909f56bfc062723c751e8b465ee728b)  -> (artifact id: '2a2163f4de25aaf1a33f5f7e3cbaa7f8') in 0.356352 seconds 
  Import took 0.388028 seconds .

========================================================================
Received Import Request.
  Time since last request: 0.000868 seconds.
  path: Assets/Resources/Sounds/loseStar(wind).wav
  artifactKey: Guid(9406d2cc9a7738644863df96142d2533) Importer(815301076,1909f56bfc062723c751e8b465ee728b)
Start importing Assets/Resources/Sounds/loseStar(wind).wav using Guid(9406d2cc9a7738644863df96142d2533) Importer(815301076,1909f56bfc062723c751e8b465ee728b)  -> (artifact id: 'af13718004e6eb43806169f41072a42e') in 0.069939 seconds 
  Import took 0.095977 seconds .

========================================================================
Received Import Request.
  Time since last request: 0.000834 seconds.
  path: Assets/Resources/MyPrefabs/Question.prefab
  artifactKey: Guid(569fa5b3855c1a94396548de1f68ca25) Importer(815301076,1909f56bfc062723c751e8b465ee728b)
Start importing Assets/Resources/MyPrefabs/Question.prefab using Guid(569fa5b3855c1a94396548de1f68ca25) Importer(815301076,1909f56bfc062723c751e8b465ee728b)  -> (artifact id: '703b5a175e6bd9bef45bed13fbd6cde9') in 0.034313 seconds 
  Import took 0.057880 seconds .

========================================================================
Received Import Request.
  Time since last request: 0.000850 seconds.
  path: Assets/Resources/Sounds/drum2_fK2EfgQj.mp3
  artifactKey: Guid(000ceddf7bcf77b4784c33f1b550e48a) Importer(815301076,1909f56bfc062723c751e8b465ee728b)
Start importing Assets/Resources/Sounds/drum2_fK2EfgQj.mp3 using Guid(000ceddf7bcf77b4784c33f1b550e48a) Importer(815301076,1909f56bfc062723c751e8b465ee728b)  -> (artifact id: 'bdbc2d4c5c10463caafce8883daa42f8') in 0.070346 seconds 
  Import took 0.095830 seconds .

========================================================================
Received Import Request.
  Time since last request: 0.000640 seconds.
  path: Assets/Resources/Sounds/SFX_Jump_12.wav
  artifactKey: Guid(55ab89315d8e7264991cc7ad1c5865ff) Importer(815301076,1909f56bfc062723c751e8b465ee728b)
Start importing Assets/Resources/Sounds/SFX_Jump_12.wav using Guid(55ab89315d8e7264991cc7ad1c5865ff) Importer(815301076,1909f56bfc062723c751e8b465ee728b)  -> (artifact id: 'c21085c731ee5d627740f1568bfd2c39') in 0.060593 seconds 
  Import took 0.082153 seconds .

========================================================================
Received Import Request.
  Time since last request: 0.000700 seconds.
  path: Assets/Resources/MyPrefabs/Selfgrade.prefab
  artifactKey: Guid(ac7fc1b8c8cb62f4a8ba4741ca2ce590) Importer(815301076,1909f56bfc062723c751e8b465ee728b)
Start importing Assets/Resources/MyPrefabs/Selfgrade.prefab using Guid(ac7fc1b8c8cb62f4a8ba4741ca2ce590) Importer(815301076,1909f56bfc062723c751e8b465ee728b)  -> (artifact id: 'ac35d7ac31d6b209d9af6275a2e256e4') in 0.029738 seconds 
  Import took 0.051825 seconds .

========================================================================
Received Import Request.
  Time since last request: 0.000760 seconds.
  path: Assets/Resources/MyPrefabs/PlayerPiece3.prefab
  artifactKey: Guid(ce0197ff857f82247b33262c9f0572f7) Importer(815301076,1909f56bfc062723c751e8b465ee728b)
Start importing Assets/Resources/MyPrefabs/PlayerPiece3.prefab using Guid(ce0197ff857f82247b33262c9f0572f7) Importer(815301076,1909f56bfc062723c751e8b465ee728b)  -> (artifact id: '5bc83a2c7c035efd1db82a3773ce9946') in 0.066304 seconds 
  Import took 0.088481 seconds .

========================================================================
Received Import Request.
  Time since last request: 0.000803 seconds.
  path: Assets/Resources/MyPrefabs/SiderWithEcho.prefab
  artifactKey: Guid(8f433d991cf45ce4e99738d667248acb) Importer(815301076,1909f56bfc062723c751e8b465ee728b)
Start importing Assets/Resources/MyPrefabs/SiderWithEcho.prefab using Guid(8f433d991cf45ce4e99738d667248acb) Importer(815301076,1909f56bfc062723c751e8b465ee728b)  -> (artifact id: '25367dc7d362a131813ff207b29138f0') in 0.032404 seconds 
  Import took 0.054260 seconds .

========================================================================
Received Import Request.
  Time since last request: 0.000626 seconds.
  path: Assets/Resources/MyPrefabs/AddQ.prefab
  artifactKey: Guid(37fd3094c6e65d846ac1fe77e50d77ce) Importer(815301076,1909f56bfc062723c751e8b465ee728b)
Start importing Assets/Resources/MyPrefabs/AddQ.prefab using Guid(37fd3094c6e65d846ac1fe77e50d77ce) Importer(815301076,1909f56bfc062723c751e8b465ee728b)  -> (artifact id: '78f4de814126490dc81454ea65b9ea87') in 0.033470 seconds 
  Import took 0.058567 seconds .

========================================================================
Received Import Request.
  Time since last request: 0.000650 seconds.
  path: Assets/Resources/MyPrefabs/TeacherButton.prefab
  artifactKey: Guid(6dc4b6ce8aa5e82488e8980a10b77050) Importer(815301076,1909f56bfc062723c751e8b465ee728b)
Start importing Assets/Resources/MyPrefabs/TeacherButton.prefab using Guid(6dc4b6ce8aa5e82488e8980a10b77050) Importer(815301076,1909f56bfc062723c751e8b465ee728b)  -> (artifact id: '3ebb5697b19f08737bf47d9c7089604f') in 0.028415 seconds 
  Import took 0.048560 seconds .

========================================================================
Received Import Request.
  Time since last request: 0.000540 seconds.
  path: Assets/Resources/Sounds/kotoclip-clip-juxnrd2v_Zs1LmrVs.mp3
  artifactKey: Guid(c7f8f4146811fb44e82504334aee5973) Importer(815301076,1909f56bfc062723c751e8b465ee728b)
Start importing Assets/Resources/Sounds/kotoclip-clip-juxnrd2v_Zs1LmrVs.mp3 using Guid(c7f8f4146811fb44e82504334aee5973) Importer(815301076,1909f56bfc062723c751e8b465ee728b)  -> (artifact id: '4850a7e7074773f4a40ab1dba6d8d1a0') in 0.060543 seconds 
  Import took 0.081396 seconds .

========================================================================
Received Import Request.
  Time since last request: 0.000755 seconds.
  path: Assets/Resources/MyPrefabs/MenuCanvas.prefab
  artifactKey: Guid(9af9724fcd5cf3548a7fd9cd693a6b03) Importer(815301076,1909f56bfc062723c751e8b465ee728b)
Start importing Assets/Resources/MyPrefabs/MenuCanvas.prefab using Guid(9af9724fcd5cf3548a7fd9cd693a6b03) Importer(815301076,1909f56bfc062723c751e8b465ee728b)  -> (artifact id: 'a895d26fdcd9ca3e8c1e089c4b64c9d8') in 0.063046 seconds 
  Import took 0.086878 seconds .

========================================================================
Received Import Request.
  Time since last request: 0.000796 seconds.
  path: Assets/Resources/Sounds/drum1_gKhCIJKX.mp3
  artifactKey: Guid(c6597bc956315a24cbe8cb65d0b7487d) Importer(815301076,1909f56bfc062723c751e8b465ee728b)
Start importing Assets/Resources/Sounds/drum1_gKhCIJKX.mp3 using Guid(c6597bc956315a24cbe8cb65d0b7487d) Importer(815301076,1909f56bfc062723c751e8b465ee728b)  -> (artifact id: '2c4b734fd9885d81dba3e460dc464668') in 0.063554 seconds 
  Import took 0.085587 seconds .

========================================================================
Received Import Request.
  Time since last request: 104.011487 seconds.
  path: Assets/Resources/MyPrefabs/GroupWorld.prefab
  artifactKey: Guid(19006dada01ede74482403209762a06b) Importer(815301076,1909f56bfc062723c751e8b465ee728b)
Start importing Assets/Resources/MyPrefabs/GroupWorld.prefab using Guid(19006dada01ede74482403209762a06b) Importer(815301076,1909f56bfc062723c751e8b465ee728b)  -> (artifact id: '47fee822054c67d826ea4fa48d94f7cc') in 0.190925 seconds 
  Import took 0.222949 seconds .

========================================================================
Received Import Request.
  Time since last request: 11.055817 seconds.
  path: Assets/Resources/MyPrefabs/GroupWorld.prefab
  artifactKey: Guid(19006dada01ede74482403209762a06b) Importer(815301076,1909f56bfc062723c751e8b465ee728b)
Start importing Assets/Resources/MyPrefabs/GroupWorld.prefab using Guid(19006dada01ede74482403209762a06b) Importer(815301076,1909f56bfc062723c751e8b465ee728b)  -> (artifact id: '634b1ac045ca6fbe60a5eaeac4d86315') in 0.223476 seconds 
  Import took 0.258491 seconds .

========================================================================
Received Prepare
Refreshing native plugins compatible for Editor in 41.03 ms, found 9 plugins.
Preloading 1 native plugins for Editor in 0.52 ms.
Unloading 36 Unused Serialized files (Serialized files now loaded: 0)
System memory in use before: 107.1 MB.
System memory in use after: 107.3 MB.

Unloading 43 unused Assets to reduce memory usage. Loaded Objects now: 4516.
Total: 24.551700 ms (FindLiveObjects: 1.475300 ms CreateObjectMapping: 0.857400 ms MarkObjects: 21.669800 ms  DeleteObjects: 0.544400 ms)

AssetImportParameters requested are different than current active one (requested -> active):
  custom:framework-win-MediaFoundation: 216162199b28c13a410421893ffa2e32 -> 
  custom:video-decoder-ogg-theora: a1e56fd34408186e4bbccfd4996cb3dc -> 
  custom:container-muxer-webm: aa71ff27fc2769a1b78a27578f13a17b -> 
  custom:container-demuxer-webm: 4f35f7cbe854078d1ac9338744f61a02 -> 
  custom:container-demuxer-ogg: 62fdf1f143b41e24485cea50d1cbac27 -> 
  custom:video-encoder-webm-vp8: eb34c28f22e8b96e1ab97ce403110664 -> 
  custom:video-codec-MediaFoundation-h265: 746d11721c4dcdbdad8f713fa42b33f4 -> 
  custom:video-decoder-webm-vp8: 9c59270c3fd7afecdb556c50c9e8de78 -> 
  custom:audio-decoder-ogg-vorbis: bf7c407c2cedff20999df2af8eb42d56 -> 
  custom:audio-encoder-webm-vorbis: bf7c407c2cedff20999df2af8eb42d56 -> 
AssetImportWorkerClient::OnTransportError - code=2 error=End of file
